2025-03-24 17:45:34 error: unhandledRejection: Cannot set headers after they are sent to the client
Error [ERR_HTTP_HEADERS_SENT]: Cannot set headers after they are sent to the client
    at ServerResponse.setHeader (node:_http_outgoing:659:11)
    at ServerResponse.header (C:\Users\haris\Documents\system design\auth_service\node_modules\express\lib\response.js:794:10)
    at ServerResponse.send (C:\Users\haris\Documents\system design\auth_service\node_modules\express\lib\response.js:174:12)
    at ServerResponse.json (C:\Users\haris\Documents\system design\auth_service\node_modules\express\lib\response.js:278:15)
    at login (C:\Users\haris\Documents\system design\auth_service\controllers\Authcontroller.js:55:28)
    at process.processTicksAndRejections (node:internal/process/task_queues:95:5) Error [ERR_HTTP_HEADERS_SENT]: Cannot set headers after they are sent to the client
    at ServerResponse.setHeader (node:_http_outgoing:659:11)
    at ServerResponse.header (C:\Users\haris\Documents\system design\auth_service\node_modules\express\lib\response.js:794:10)
    at ServerResponse.send (C:\Users\haris\Documents\system design\auth_service\node_modules\express\lib\response.js:174:12)
    at ServerResponse.json (C:\Users\haris\Documents\system design\auth_service\node_modules\express\lib\response.js:278:15)
    at login (C:\Users\haris\Documents\system design\auth_service\controllers\Authcontroller.js:55:28)
    at process.processTicksAndRejections (node:internal/process/task_queues:95:5)
2025-07-03 13:44:49 error: unhandledRejection: The `uri` parameter to `openUri()` must be a string, got "undefined". Make sure the first parameter to `mongoose.connect()` or `mongoose.createConnection()` is a string.
MongooseError: The `uri` parameter to `openUri()` must be a string, got "undefined". Make sure the first parameter to `mongoose.connect()` or `mongoose.createConnection()` is a string.
    at NativeConnection.createClient (C:\Users\haris\Pictures\sunotal-farms-services\auth_service\node_modules\mongoose\lib\drivers\node-mongodb-native\connection.js:236:11)
    at NativeConnection.openUri (C:\Users\haris\Pictures\sunotal-farms-services\auth_service\node_modules\mongoose\lib\connection.js:1071:34)
    at Mongoose.connect (C:\Users\haris\Pictures\sunotal-farms-services\auth_service\node_modules\mongoose\lib\mongoose.js:446:15)
    at Object.<anonymous> (C:\Users\haris\Pictures\sunotal-farms-services\auth_service\db.js:4:10)
    at Module._compile (node:internal/modules/cjs/loader:1554:14)
    at Object..js (node:internal/modules/cjs/loader:1706:10)
    at Module.load (node:internal/modules/cjs/loader:1289:32)
    at Function._load (node:internal/modules/cjs/loader:1108:12)
    at TracingChannel.traceSync (node:diagnostics_channel:322:14)
    at wrapModuleLoad (node:internal/modules/cjs/loader:220:24) MongooseError: The `uri` parameter to `openUri()` must be a string, got "undefined". Make sure the first parameter to `mongoose.connect()` or `mongoose.createConnection()` is a string.
    at NativeConnection.createClient (C:\Users\haris\Pictures\sunotal-farms-services\auth_service\node_modules\mongoose\lib\drivers\node-mongodb-native\connection.js:236:11)
    at NativeConnection.openUri (C:\Users\haris\Pictures\sunotal-farms-services\auth_service\node_modules\mongoose\lib\connection.js:1071:34)
    at Mongoose.connect (C:\Users\haris\Pictures\sunotal-farms-services\auth_service\node_modules\mongoose\lib\mongoose.js:446:15)
    at Object.<anonymous> (C:\Users\haris\Pictures\sunotal-farms-services\auth_service\db.js:4:10)
    at Module._compile (node:internal/modules/cjs/loader:1554:14)
    at Object..js (node:internal/modules/cjs/loader:1706:10)
    at Module.load (node:internal/modules/cjs/loader:1289:32)
    at Function._load (node:internal/modules/cjs/loader:1108:12)
    at TracingChannel.traceSync (node:diagnostics_channel:322:14)
    at wrapModuleLoad (node:internal/modules/cjs/loader:220:24)
2025-07-03 13:48:03 error: unhandledRejection: The `uri` parameter to `openUri()` must be a string, got "undefined". Make sure the first parameter to `mongoose.connect()` or `mongoose.createConnection()` is a string.
MongooseError: The `uri` parameter to `openUri()` must be a string, got "undefined". Make sure the first parameter to `mongoose.connect()` or `mongoose.createConnection()` is a string.
    at NativeConnection.createClient (C:\Users\haris\Pictures\sunotal-farms-services\auth_service\node_modules\mongoose\lib\drivers\node-mongodb-native\connection.js:236:11)
    at NativeConnection.openUri (C:\Users\haris\Pictures\sunotal-farms-services\auth_service\node_modules\mongoose\lib\connection.js:1071:34)
    at Mongoose.connect (C:\Users\haris\Pictures\sunotal-farms-services\auth_service\node_modules\mongoose\lib\mongoose.js:446:15)
    at Object.<anonymous> (C:\Users\haris\Pictures\sunotal-farms-services\auth_service\db.js:4:10)
    at Module._compile (node:internal/modules/cjs/loader:1554:14)
    at Object..js (node:internal/modules/cjs/loader:1706:10)
    at Module.load (node:internal/modules/cjs/loader:1289:32)
    at Function._load (node:internal/modules/cjs/loader:1108:12)
    at TracingChannel.traceSync (node:diagnostics_channel:322:14)
    at wrapModuleLoad (node:internal/modules/cjs/loader:220:24) MongooseError: The `uri` parameter to `openUri()` must be a string, got "undefined". Make sure the first parameter to `mongoose.connect()` or `mongoose.createConnection()` is a string.
    at NativeConnection.createClient (C:\Users\haris\Pictures\sunotal-farms-services\auth_service\node_modules\mongoose\lib\drivers\node-mongodb-native\connection.js:236:11)
    at NativeConnection.openUri (C:\Users\haris\Pictures\sunotal-farms-services\auth_service\node_modules\mongoose\lib\connection.js:1071:34)
    at Mongoose.connect (C:\Users\haris\Pictures\sunotal-farms-services\auth_service\node_modules\mongoose\lib\mongoose.js:446:15)
    at Object.<anonymous> (C:\Users\haris\Pictures\sunotal-farms-services\auth_service\db.js:4:10)
    at Module._compile (node:internal/modules/cjs/loader:1554:14)
    at Object..js (node:internal/modules/cjs/loader:1706:10)
    at Module.load (node:internal/modules/cjs/loader:1289:32)
    at Function._load (node:internal/modules/cjs/loader:1108:12)
    at TracingChannel.traceSync (node:diagnostics_channel:322:14)
    at wrapModuleLoad (node:internal/modules/cjs/loader:220:24)
2025-07-10 11:40:03 error: unhandledRejection: Cannot access 'PORT' before initialization
ReferenceError: Cannot access 'PORT' before initialization
    at startServer (C:\Users\haris\Pictures\backend-services\auth-service\src\server.js:13:18)
    at process.processTicksAndRejections (node:internal/process/task_queues:105:5) ReferenceError: Cannot access 'PORT' before initialization
    at startServer (C:\Users\haris\Pictures\backend-services\auth-service\src\server.js:13:18)
    at process.processTicksAndRejections (node:internal/process/task_queues:105:5)
